2026-04-08 05:53:25 [[32minfo[39m]: GET /api/system/branding
2026-04-08 05:53:25 [[32minfo[39m]: GET /api/system/branding
2026-04-08 05:53:25 [[32minfo[39m]: GET /api/system/teacher-of-month
2026-04-08 05:53:25 [[32minfo[39m]: GET /api/system/teacher-of-month
2026-04-08 05:54:37 [[32minfo[39m]: GET /api/admissions/window
2026-04-08 05:54:37 [[32minfo[39m]: GET /api/admissions/window
2026-04-08 05:55:04 [[32minfo[39m]: POST /api/auth/login
2026-04-08 05:55:05 [[32minfo[39m]: User logged in: 0scar177771@gmail.com (84f39d34-0714-468a-b334-f427e7b858a7)
2026-04-08 05:55:09 [[32minfo[39m]: GET /api/departments
2026-04-08 05:55:09 [[32minfo[39m]: GET /api/system/kpis
2026-04-08 05:55:09 [[32minfo[39m]: GET /api/auth/me
2026-04-08 05:55:09 [[32minfo[39m]: GET /api/departments
2026-04-08 05:55:09 [[32minfo[39m]: GET /api/system/kpis
2026-04-08 05:55:09 [[32minfo[39m]: GET /api/auth/me
2026-04-08 05:55:14 [[32minfo[39m]: GET /api/users
2026-04-08 05:55:14 [[32minfo[39m]: GET /api/users
2026-04-08 05:55:17 [[32minfo[39m]: GET /api/admin/students
2026-04-08 05:55:17 [[32minfo[39m]: GET /api/admin/students
2026-04-08 05:55:27 [[32minfo[39m]: GET /api/departments
2026-04-08 05:55:27 [[32minfo[39m]: GET /api/departments
2026-04-08 05:55:30 [[32minfo[39m]: GET /api/departments
2026-04-08 05:55:30 [[32minfo[39m]: GET /api/admissions
2026-04-08 05:55:30 [[32minfo[39m]: GET /api/departments
2026-04-08 05:55:30 [[32minfo[39m]: GET /api/admissions
2026-04-08 05:55:33 [[32minfo[39m]: GET /api/finance/categories
2026-04-08 05:55:33 [[32minfo[39m]: GET /api/finance/fees
2026-04-08 05:55:33 [[32minfo[39m]: GET /api/system/kpis
2026-04-08 05:55:33 [[32minfo[39m]: GET /api/departments
2026-04-08 05:55:33 [[32minfo[39m]: GET /api/finance/payment-methods
2026-04-08 05:55:33 [[32minfo[39m]: GET /api/finance/fee-payments
2026-04-08 05:55:33 [[32minfo[39m]: GET /api/finance/categories
2026-04-08 05:55:33 [[32minfo[39m]: GET /api/finance/fees
2026-04-08 05:55:33 [[32minfo[39m]: GET /api/system/kpis
2026-04-08 05:55:33 [[32minfo[39m]: GET /api/departments
2026-04-08 05:55:33 [[32minfo[39m]: GET /api/finance/payment-methods
2026-04-08 05:55:33 [[32minfo[39m]: GET /api/finance/fee-payments
2026-04-08 05:55:36 [[32minfo[39m]: GET /api/system/teacher-of-month
2026-04-08 05:55:36 [[32minfo[39m]: GET /api/system/teacher-of-month
2026-04-08 05:55:41 [[32minfo[39m]: GET /api/support/tickets
2026-04-08 05:55:41 [[32minfo[39m]: GET /api/support/complaints
2026-04-08 05:55:41 [[32minfo[39m]: GET /api/support/tickets
2026-04-08 05:55:41 [[32minfo[39m]: GET /api/support/complaints
2026-04-08 05:55:42 [[32minfo[39m]: GET /api/system/teacher-of-month
2026-04-08 05:55:42 [[32minfo[39m]: GET /api/system/teacher-of-month
2026-04-08 05:56:16 [[32minfo[39m]: GET /api/support/tickets
2026-04-08 05:56:16 [[32minfo[39m]: GET /api/support/complaints
2026-04-08 05:56:16 [[32minfo[39m]: GET /api/support/tickets
2026-04-08 05:56:16 [[32minfo[39m]: GET /api/support/complaints
2026-04-08 05:56:20 [[32minfo[39m]: GET /api/attendance/sessions
2026-04-08 05:56:20 [[32minfo[39m]: GET /api/attendance/sessions
2026-04-08 05:56:23 [[32minfo[39m]: GET /api/support/tickets
2026-04-08 05:56:23 [[32minfo[39m]: GET /api/support/complaints
2026-04-08 05:56:23 [[32minfo[39m]: GET /api/support/tickets
2026-04-08 05:56:23 [[32minfo[39m]: GET /api/support/complaints
2026-04-08 05:56:25 [[32minfo[39m]: GET /api/attendance/sessions
2026-04-08 05:56:25 [[32minfo[39m]: GET /api/attendance/sessions
2026-04-08 05:56:29 [[32minfo[39m]: GET /api/attendance/sessions
2026-04-08 05:56:29 [[32minfo[39m]: GET /api/attendance/sessions
2026-04-08 05:56:37 [[32minfo[39m]: GET /api/users
2026-04-08 05:56:37 [[32minfo[39m]: GET /api/users
2026-04-08 05:56:39 [[32minfo[39m]: GET /api/admin/students
2026-04-08 05:56:39 [[32minfo[39m]: GET /api/admin/students
2026-04-08 05:56:44 [[32minfo[39m]: GET /api/support/tickets
2026-04-08 05:56:44 [[32minfo[39m]: GET /api/support/complaints
2026-04-08 05:56:44 [[32minfo[39m]: GET /api/support/tickets
2026-04-08 05:56:44 [[32minfo[39m]: GET /api/support/complaints
2026-04-08 05:56:45 [[32minfo[39m]: GET /api/attendance/sessions
2026-04-08 05:56:45 [[32minfo[39m]: GET /api/attendance/sessions
2026-04-08 05:56:47 [[32minfo[39m]: GET /api/attendance/sessions
2026-04-08 05:56:47 [[32minfo[39m]: GET /api/attendance/sessions
2026-04-08 05:56:58 [[32minfo[39m]: GET /api/system/audit-logs
2026-04-08 05:56:58 [[32minfo[39m]: GET /api/system/audit-logs
2026-04-08 05:57:01 [[32minfo[39m]: GET /api/system/settings
2026-04-08 05:57:01 [[32minfo[39m]: GET /api/system/settings
2026-04-08 05:57:08 [[32minfo[39m]: GET /api/auth/me
2026-04-08 05:57:08 [[32minfo[39m]: GET /api/auth/me
2026-04-08 05:57:21 [[32minfo[39m]: GET /api/system/kpis
2026-04-08 05:57:21 [[32minfo[39m]: GET /api/departments
2026-04-08 05:57:21 [[32minfo[39m]: GET /api/system/kpis
2026-04-08 05:57:21 [[32minfo[39m]: GET /api/departments
2026-04-08 05:57:26 [[32minfo[39m]: GET /api/system/branding
2026-04-08 05:57:32 [[32minfo[39m]: POST /api/auth/login
2026-04-08 05:57:32 [[32minfo[39m]: User logged in: admin.senior@sasms.edu (8947bcc0-5d1b-4710-8a30-ce789913b62a)
2026-04-08 05:57:34 [[32minfo[39m]: GET /api/auth/me
2026-04-08 05:57:34 [[32minfo[39m]: GET /api/auth/me
2026-04-08 05:57:42 [[32minfo[39m]: GET /api/admissions/window
2026-04-08 05:57:42 [[32minfo[39m]: GET /api/admissions
2026-04-08 05:57:42 [[32minfo[39m]: GET /api/admissions/window
2026-04-08 05:57:42 [[32minfo[39m]: GET /api/admissions/threshold
2026-04-08 05:57:42 [[32minfo[39m]: GET /api/admissions
2026-04-08 05:57:42 [[32minfo[39m]: GET /api/admissions/threshold
2026-04-08 05:57:42 [[32minfo[39m]: GET /api/system/form-fields
2026-04-08 05:57:42 [[32minfo[39m]: GET /api/system/form-fields
2026-04-08 05:57:49 [[32minfo[39m]: GET /api/admissions/leaderboard
2026-04-08 05:58:02 [[32minfo[39m]: GET /api/admissions/leaderboard
2026-04-08 05:58:07 [[32minfo[39m]: GET /api/admin/students
2026-04-08 05:58:07 [[32minfo[39m]: GET /api/admin/students
2026-04-08 05:58:15 [[32minfo[39m]: GET /api/admin/students
2026-04-08 05:58:15 [[32minfo[39m]: GET /api/finance/fees
2026-04-08 05:58:15 [[32minfo[39m]: GET /api/finance/fee-payments
2026-04-08 05:58:15 [[32minfo[39m]: GET /api/admin/students
2026-04-08 05:58:15 [[32minfo[39m]: GET /api/finance/fees
2026-04-08 05:58:15 [[32minfo[39m]: GET /api/finance/fee-payments
2026-04-08 05:58:15 [[32minfo[39m]: GET /api/finance/categories
2026-04-08 05:58:15 [[32minfo[39m]: GET /api/finance/payment-methods
2026-04-08 05:58:15 [[32minfo[39m]: GET /api/departments
2026-04-08 05:58:15 [[32minfo[39m]: GET /api/finance/categories
2026-04-08 05:58:15 [[32minfo[39m]: GET /api/finance/payment-methods
2026-04-08 05:58:15 [[32minfo[39m]: GET /api/departments
2026-04-08 05:58:20 [[32minfo[39m]: GET /api/events
2026-04-08 05:58:20 [[32minfo[39m]: GET /api/events
2026-04-08 05:58:26 [[32minfo[39m]: GET /api/attendance/sessions
2026-04-08 05:58:26 [[32minfo[39m]: GET /api/attendance/sessions
2026-04-08 05:59:19 [[32minfo[39m]: POST /api/attendance/session
2026-04-08 05:59:19 [[32minfo[39m]: Audit logged: CREATE_ATTENDANCE_SESSION by 8947bcc0-5d1b-4710-8a30-ce789913b62a
2026-04-08 05:59:19 [[32minfo[39m]: GET /api/attendance/sessions
2026-04-08 05:59:22 [[32minfo[39m]: GET /api/attendance/session/f1a723a4-144e-496e-b522-c3a9093055d4/qr
2026-04-08 05:59:29 [[32minfo[39m]: GET /api/attendance/session/f1a723a4-144e-496e-b522-c3a9093055d4
2026-04-08 05:59:34 [[32minfo[39m]: GET /api/attendance/sessions
2026-04-08 05:59:34 [[32minfo[39m]: GET /api/attendance/sessions
2026-04-08 05:59:34 [[32minfo[39m]: GET /api/attendance/session/f1a723a4-144e-496e-b522-c3a9093055d4
2026-04-08 05:59:34 [[32minfo[39m]: GET /api/attendance/session/f1a723a4-144e-496e-b522-c3a9093055d4
2026-04-08 05:59:39 [[32minfo[39m]: GET /api/support/tickets
2026-04-08 05:59:39 [[32minfo[39m]: GET /api/support/complaints
2026-04-08 05:59:39 [[32minfo[39m]: GET /api/support/tickets
2026-04-08 05:59:39 [[32minfo[39m]: GET /api/support/complaints
2026-04-08 05:59:44 [[32minfo[39m]: GET /api/admissions
2026-04-08 05:59:44 [[32minfo[39m]: GET /api/admissions/window
2026-04-08 05:59:44 [[32minfo[39m]: GET /api/admissions/threshold
2026-04-08 05:59:44 [[32minfo[39m]: GET /api/admissions
2026-04-08 05:59:44 [[32minfo[39m]: GET /api/admissions/window
2026-04-08 05:59:44 [[32minfo[39m]: GET /api/admissions/threshold
2026-04-08 05:59:44 [[32minfo[39m]: GET /api/system/form-fields
2026-04-08 05:59:44 [[32minfo[39m]: GET /api/system/form-fields
2026-04-08 05:59:53 [[32minfo[39m]: GET /api/admissions/leaderboard
2026-04-08 05:59:57 [[32minfo[39m]: GET /api/admin/students
2026-04-08 05:59:57 [[32minfo[39m]: GET /api/admin/students
2026-04-08 05:59:58 [[32minfo[39m]: GET /api/admin/students
2026-04-08 05:59:58 [[32minfo[39m]: GET /api/finance/fees
2026-04-08 05:59:58 [[32minfo[39m]: GET /api/finance/fee-payments
2026-04-08 05:59:58 [[32minfo[39m]: GET /api/finance/categories
2026-04-08 05:59:58 [[32minfo[39m]: GET /api/finance/payment-methods
2026-04-08 05:59:58 [[32minfo[39m]: GET /api/admin/students
2026-04-08 05:59:58 [[32minfo[39m]: GET /api/departments
2026-04-08 05:59:58 [[32minfo[39m]: GET /api/finance/fees
2026-04-08 05:59:58 [[32minfo[39m]: GET /api/finance/fee-payments
2026-04-08 05:59:58 [[32minfo[39m]: GET /api/finance/categories
2026-04-08 05:59:58 [[32minfo[39m]: GET /api/finance/payment-methods
2026-04-08 05:59:58 [[32minfo[39m]: GET /api/departments
2026-04-08 06:01:28 [[32minfo[39m]: POST /api/finance/fees
2026-04-08 06:01:28 [[32minfo[39m]: Audit logged: CREATE_FEE by 8947bcc0-5d1b-4710-8a30-ce789913b62a
2026-04-08 06:01:28 [[32minfo[39m]: GET /api/finance/fees
2026-04-08 06:01:35 [[32minfo[39m]: GET /api/events
2026-04-08 06:01:35 [[32minfo[39m]: GET /api/events
2026-04-08 06:01:36 [[32minfo[39m]: GET /api/attendance/sessions
2026-04-08 06:01:36 [[32minfo[39m]: GET /api/attendance/sessions
2026-04-08 06:01:37 [[32minfo[39m]: GET /api/events
2026-04-08 06:01:37 [[32minfo[39m]: GET /api/events
2026-04-08 06:01:42 [[32minfo[39m]: GET /api/attendance/sessions
2026-04-08 06:01:42 [[32minfo[39m]: GET /api/attendance/sessions
2026-04-08 06:01:44 [[32minfo[39m]: GET /api/attendance/sessions
2026-04-08 06:01:44 [[32minfo[39m]: GET /api/attendance/sessions
2026-04-08 06:01:44 [[32minfo[39m]: GET /api/attendance/session/f1a723a4-144e-496e-b522-c3a9093055d4
2026-04-08 06:01:44 [[32minfo[39m]: GET /api/attendance/session/f1a723a4-144e-496e-b522-c3a9093055d4
2026-04-08 06:01:45 [[32minfo[39m]: GET /api/support/tickets
2026-04-08 06:01:45 [[32minfo[39m]: GET /api/support/complaints
2026-04-08 06:01:45 [[32minfo[39m]: GET /api/support/tickets
2026-04-08 06:01:45 [[32minfo[39m]: GET /api/support/complaints
2026-04-08 06:01:52 [[32minfo[39m]: GET /api/admissions
2026-04-08 06:01:52 [[32minfo[39m]: GET /api/admissions/window
2026-04-08 06:01:52 [[32minfo[39m]: GET /api/admissions/threshold
2026-04-08 06:01:52 [[32minfo[39m]: GET /api/admissions
2026-04-08 06:01:52 [[32minfo[39m]: GET /api/admissions/window
2026-04-08 06:01:52 [[32minfo[39m]: GET /api/admissions/threshold
2026-04-08 06:01:52 [[32minfo[39m]: GET /api/system/form-fields
2026-04-08 06:01:52 [[32minfo[39m]: GET /api/system/form-fields
2026-04-08 06:02:00 [[32minfo[39m]: GET /api/admin/students
2026-04-08 06:02:00 [[32minfo[39m]: GET /api/admin/students
2026-04-08 06:02:01 [[32minfo[39m]: GET /api/admin/students
2026-04-08 06:02:01 [[32minfo[39m]: GET /api/finance/fees
2026-04-08 06:02:01 [[32minfo[39m]: GET /api/finance/fee-payments
2026-04-08 06:02:01 [[32minfo[39m]: GET /api/finance/categories
2026-04-08 06:02:01 [[32minfo[39m]: GET /api/finance/payment-methods
2026-04-08 06:02:01 [[32minfo[39m]: GET /api/departments
2026-04-08 06:02:01 [[32minfo[39m]: GET /api/admin/students
2026-04-08 06:02:01 [[32minfo[39m]: GET /api/finance/fees
2026-04-08 06:02:01 [[32minfo[39m]: GET /api/finance/fee-payments
2026-04-08 06:02:01 [[32minfo[39m]: GET /api/finance/categories
2026-04-08 06:02:01 [[32minfo[39m]: GET /api/finance/payment-methods
2026-04-08 06:02:01 [[32minfo[39m]: GET /api/departments
2026-04-08 06:02:02 [[32minfo[39m]: GET /api/events
2026-04-08 06:02:02 [[32minfo[39m]: GET /api/events
2026-04-08 06:02:03 [[32minfo[39m]: GET /api/attendance/sessions
2026-04-08 06:02:03 [[32minfo[39m]: GET /api/attendance/sessions
2026-04-08 06:02:03 [[32minfo[39m]: GET /api/attendance/sessions
2026-04-08 06:02:03 [[32minfo[39m]: GET /api/attendance/sessions
2026-04-08 06:02:03 [[32minfo[39m]: GET /api/attendance/session/f1a723a4-144e-496e-b522-c3a9093055d4
2026-04-08 06:02:03 [[32minfo[39m]: GET /api/attendance/session/f1a723a4-144e-496e-b522-c3a9093055d4
2026-04-08 06:02:04 [[32minfo[39m]: GET /api/support/tickets
2026-04-08 06:02:04 [[32minfo[39m]: GET /api/support/complaints
2026-04-08 06:02:04 [[32minfo[39m]: GET /api/support/complaints
2026-04-08 06:02:04 [[32minfo[39m]: GET /api/support/tickets
2026-04-08 06:02:12 [[32minfo[39m]: GET /api/admin/students
2026-04-08 06:02:12 [[32minfo[39m]: GET /api/admin/students
2026-04-08 06:03:55 [[32minfo[39m]: GET /api/system/branding
2026-04-08 06:04:08 [[32minfo[39m]: POST /api/auth/login
2026-04-08 06:04:09 [[32minfo[39m]: User logged in: student.mona@sasms.edu (06a16447-a5a8-4f2f-802f-022dda2f227c)
2026-04-08 06:04:10 [[32minfo[39m]: GET /api/auth/me
2026-04-08 06:04:10 [[32minfo[39m]: GET /api/attendance/me
2026-04-08 06:04:10 [[32minfo[39m]: GET /api/auth/me
2026-04-08 06:04:10 [[32minfo[39m]: GET /api/attendance/me
2026-04-08 06:04:10 [[32minfo[39m]: GET /api/student/notifications
2026-04-08 06:04:10 [[32minfo[39m]: GET /api/student/activities
2026-04-08 06:04:10 [[32minfo[39m]: GET /api/student/fees
2026-04-08 06:04:10 [[32minfo[39m]: GET /api/student/profile
2026-04-08 06:04:11 [[32minfo[39m]: GET /api/student/activities
2026-04-08 06:04:11 [[32minfo[39m]: GET /api/student/notifications
2026-04-08 06:04:11 [[32minfo[39m]: GET /api/student/fees
2026-04-08 06:04:11 [[32minfo[39m]: GET /api/student/profile
2026-04-08 06:04:16 [[32minfo[39m]: GET /api/student/notifications
2026-04-08 06:04:16 [[32minfo[39m]: GET /api/student/notifications
2026-04-08 06:04:20 [[32minfo[39m]: GET /api/student/admissions
2026-04-08 06:04:20 [[32minfo[39m]: GET /api/student/admissions
2026-04-08 06:04:20 [[32minfo[39m]: GET /api/student/fees
2026-04-08 06:04:20 [[32minfo[39m]: GET /api/student/fees
2026-04-08 06:04:29 [[32minfo[39m]: GET /api/attendance/me
2026-04-08 06:04:29 [[32minfo[39m]: GET /api/student/notifications
2026-04-08 06:04:29 [[32minfo[39m]: GET /api/student/activities
2026-04-08 06:04:29 [[32minfo[39m]: GET /api/student/profile
2026-04-08 06:04:29 [[32minfo[39m]: GET /api/student/fees
2026-04-08 06:04:29 [[32minfo[39m]: GET /api/attendance/me
2026-04-08 06:04:29 [[32minfo[39m]: GET /api/student/notifications
2026-04-08 06:04:29 [[32minfo[39m]: GET /api/student/activities
2026-04-08 06:04:29 [[32minfo[39m]: GET /api/student/profile
2026-04-08 06:04:29 [[32minfo[39m]: GET /api/student/fees
2026-04-08 06:04:37 [[32minfo[39m]: GET /api/student/admissions
2026-04-08 06:04:37 [[32minfo[39m]: GET /api/student/admissions
2026-04-08 06:04:38 [[32minfo[39m]: GET /api/student/fees
2026-04-08 06:04:38 [[32minfo[39m]: GET /api/student/fees
2026-04-08 06:04:40 [[32minfo[39m]: GET /api/attendance/me
2026-04-08 06:04:40 [[32minfo[39m]: GET /api/attendance/me
2026-04-08 06:04:41 [[32minfo[39m]: GET /api/student/complaints
2026-04-08 06:04:41 [[32minfo[39m]: GET /api/student/complaints
2026-04-08 06:04:43 [[32minfo[39m]: GET /api/student/activities
2026-04-08 06:04:43 [[32minfo[39m]: GET /api/student/activities
2026-04-08 06:04:44 [[32minfo[39m]: GET /api/student/complaints
2026-04-08 06:04:44 [[32minfo[39m]: GET /api/student/complaints
2026-04-08 06:04:52 [[32minfo[39m]: GET /api/student/complaints
2026-04-08 06:05:00 [[32minfo[39m]: GET /api/student/complaints
2026-04-08 06:05:07 [[32minfo[39m]: POST /api/student/complaints
2026-04-08 06:05:07 [[32minfo[39m]: GET /api/student/complaints
2026-04-08 06:05:10 [[32minfo[39m]: GET /api/student/activities
2026-04-08 06:05:10 [[32minfo[39m]: GET /api/student/activities
2026-04-08 06:05:14 [[32minfo[39m]: POST /api/student/activities/b32c54ca-3dc7-402a-ba9b-ce853a038ba9/join
2026-04-08 06:05:14 [[32minfo[39m]: GET /api/student/activities
2026-04-08 06:05:20 [[32minfo[39m]: DELETE /api/student/activities/b32c54ca-3dc7-402a-ba9b-ce853a038ba9/leave
2026-04-08 06:05:20 [[32minfo[39m]: GET /api/student/activities
2026-04-08 06:05:25 [[32minfo[39m]: GET /api/student/notifications
2026-04-08 06:05:25 [[32minfo[39m]: GET /api/student/notifications
2026-04-08 06:05:29 [[32minfo[39m]: GET /api/system/branding
2026-04-08 06:05:35 [[32minfo[39m]: POST /api/auth/login
2026-04-08 06:05:35 [[32minfo[39m]: User logged in: 0scar177771@gmail.com (84f39d34-0714-468a-b334-f427e7b858a7)
2026-04-08 06:05:36 [[32minfo[39m]: GET /api/auth/me
2026-04-08 06:05:36 [[32minfo[39m]: GET /api/auth/me
2026-04-08 06:05:36 [[32minfo[39m]: GET /api/system/kpis
2026-04-08 06:05:36 [[32minfo[39m]: GET /api/departments
2026-04-08 06:05:36 [[32minfo[39m]: GET /api/system/kpis
2026-04-08 06:05:36 [[32minfo[39m]: GET /api/departments
2026-04-08 06:05:39 [[32minfo[39m]: GET /api/admin/students
2026-04-08 06:05:39 [[32minfo[39m]: GET /api/admin/students
2026-04-08 06:05:46 [[32minfo[39m]: GET /api/system/branding
2026-04-08 06:05:46 [[32minfo[39m]: GET /api/system/branding
2026-04-08 06:05:48 [[32minfo[39m]: POST /api/auth/login
2026-04-08 06:05:48 [[33mwarn[39m]: Login blocked: Account suspended/inactive for student.ahmed@sasms.edu
2026-04-08 06:05:48 [[31merror[39m]: Error: Account suspended or inactive. Please contact support.
    at Function.login (D:\SASMS-Fixed-v13\sasms-fixed\backend\src\services\authService.ts:58:19)
    at async login (D:\SASMS-Fixed-v13\sasms-fixed\backend\src\controllers\auth.ts:15:24)
2026-04-08 06:05:50 [[32minfo[39m]: POST /api/auth/login
2026-04-08 06:05:50 [[33mwarn[39m]: Login blocked: Account suspended/inactive for student.ahmed@sasms.edu
2026-04-08 06:05:50 [[31merror[39m]: Error: Account suspended or inactive. Please contact support.
    at Function.login (D:\SASMS-Fixed-v13\sasms-fixed\backend\src\services\authService.ts:58:19)
    at async login (D:\SASMS-Fixed-v13\sasms-fixed\backend\src\controllers\auth.ts:15:24)
2026-04-08 06:05:55 [[32minfo[39m]: POST /api/auth/login
2026-04-08 06:05:56 [[32minfo[39m]: User logged in: 0scar177771@gmail.com (84f39d34-0714-468a-b334-f427e7b858a7)
2026-04-08 06:05:56 [[32minfo[39m]: GET /api/auth/me
2026-04-08 06:05:56 [[32minfo[39m]: GET /api/system/kpis
2026-04-08 06:05:56 [[32minfo[39m]: GET /api/departments
2026-04-08 06:05:56 [[32minfo[39m]: GET /api/auth/me
2026-04-08 06:05:56 [[32minfo[39m]: GET /api/system/kpis
2026-04-08 06:05:56 [[32minfo[39m]: GET /api/departments
2026-04-08 06:06:00 [[32minfo[39m]: GET /api/system/branding
2026-04-08 06:06:04 [[32minfo[39m]: POST /api/auth/login
2026-04-08 06:06:04 [[32minfo[39m]: User logged in: admin.senior@sasms.edu (8947bcc0-5d1b-4710-8a30-ce789913b62a)
2026-04-08 06:06:05 [[32minfo[39m]: GET /api/auth/me
2026-04-08 06:06:05 [[32minfo[39m]: GET /api/auth/me
2026-04-08 06:06:08 [[32minfo[39m]: GET /api/admin/students
2026-04-08 06:06:08 [[32minfo[39m]: GET /api/admin/students
2026-04-08 06:07:21 [[32minfo[39m]: GET /api/finance/fees
2026-04-08 06:07:21 [[32minfo[39m]: GET /api/admin/students
2026-04-08 06:07:21 [[32minfo[39m]: GET /api/finance/fee-payments
2026-04-08 06:07:21 [[32minfo[39m]: GET /api/finance/payment-methods
2026-04-08 06:07:21 [[32minfo[39m]: GET /api/finance/categories
2026-04-08 06:07:21 [[32minfo[39m]: GET /api/finance/fees
2026-04-08 06:07:21 [[32minfo[39m]: GET /api/departments
2026-04-08 06:07:21 [[32minfo[39m]: GET /api/admin/students
2026-04-08 06:07:21 [[32minfo[39m]: GET /api/finance/fee-payments
2026-04-08 06:07:21 [[32minfo[39m]: GET /api/finance/payment-methods
2026-04-08 06:07:21 [[32minfo[39m]: GET /api/finance/categories
2026-04-08 06:07:21 [[32minfo[39m]: GET /api/departments
2026-04-08 06:07:24 [[32minfo[39m]: GET /api/events
2026-04-08 06:07:24 [[32minfo[39m]: GET /api/events
2026-04-08 06:07:58 [[32minfo[39m]: GET /api/attendance/sessions
2026-04-08 06:07:58 [[32minfo[39m]: GET /api/attendance/sessions
2026-04-08 06:08:00 [[32minfo[39m]: GET /api/events
2026-04-08 06:08:00 [[32minfo[39m]: GET /api/events
2026-04-08 06:08:00 [[32minfo[39m]: GET /api/finance/fees
2026-04-08 06:08:00 [[32minfo[39m]: GET /api/admin/students
2026-04-08 06:08:00 [[32minfo[39m]: GET /api/finance/fee-payments
2026-04-08 06:08:01 [[32minfo[39m]: GET /api/finance/categories
2026-04-08 06:08:01 [[32minfo[39m]: GET /api/finance/payment-methods
2026-04-08 06:08:01 [[32minfo[39m]: GET /api/finance/payment-methods
2026-04-08 06:08:01 [[32minfo[39m]: GET /api/finance/fees
2026-04-08 06:08:01 [[32minfo[39m]: GET /api/admin/students
2026-04-08 06:08:01 [[32minfo[39m]: GET /api/finance/fee-payments
2026-04-08 06:08:01 [[32minfo[39m]: GET /api/finance/categories
2026-04-08 06:08:01 [[32minfo[39m]: GET /api/departments
2026-04-08 06:08:01 [[32minfo[39m]: GET /api/departments
2026-04-08 06:08:02 [[32minfo[39m]: GET /api/events
2026-04-08 06:08:02 [[32minfo[39m]: GET /api/events
2026-04-08 06:08:11 [[32minfo[39m]: GET /api/admin/students
2026-04-08 06:08:11 [[32minfo[39m]: GET /api/admin/students
2026-04-08 06:08:22 [[32minfo[39m]: GET /api/system/branding
2026-04-08 06:08:25 [[32minfo[39m]: POST /api/auth/login
2026-04-08 06:08:25 [[33mwarn[39m]: Login blocked: Account suspended/inactive for student.ahmed@sasms.edu
2026-04-08 06:08:25 [[31merror[39m]: Error: Account suspended or inactive. Please contact support.
    at Function.login (D:\SASMS-Fixed-v13\sasms-fixed\backend\src\services\authService.ts:58:19)
    at async login (D:\SASMS-Fixed-v13\sasms-fixed\backend\src\controllers\auth.ts:15:24)
2026-04-08 06:08:32 [[32minfo[39m]: POST /api/auth/login
2026-04-08 06:08:32 [[32minfo[39m]: User logged in: admin.senior@sasms.edu (8947bcc0-5d1b-4710-8a30-ce789913b62a)
2026-04-08 06:08:33 [[32minfo[39m]: GET /api/auth/me
2026-04-08 06:08:33 [[32minfo[39m]: GET /api/auth/me
2026-04-08 06:08:35 [[32minfo[39m]: GET /api/admin/students
2026-04-08 06:08:35 [[32minfo[39m]: GET /api/admin/students
2026-04-08 06:08:53 [[32minfo[39m]: GET /api/system/branding
2026-04-08 06:08:53 [[32minfo[39m]: GET /api/system/branding
2026-04-08 06:08:54 [[32minfo[39m]: POST /api/auth/login
2026-04-08 06:08:54 [[32minfo[39m]: User logged in: student.layla@sasms.edu (c0aa526f-9455-48cf-8ec5-5d4b624bdb7e)
2026-04-08 06:08:55 [[32minfo[39m]: GET /api/auth/me
2026-04-08 06:08:55 [[32minfo[39m]: GET /api/attendance/me
2026-04-08 06:08:55 [[32minfo[39m]: GET /api/auth/me
2026-04-08 06:08:55 [[32minfo[39m]: GET /api/attendance/me
2026-04-08 06:08:55 [[32minfo[39m]: GET /api/student/notifications
2026-04-08 06:08:55 [[32minfo[39m]: GET /api/student/activities
2026-04-08 06:08:55 [[32minfo[39m]: GET /api/student/fees
2026-04-08 06:08:55 [[32minfo[39m]: GET /api/student/profile
2026-04-08 06:08:55 [[32minfo[39m]: GET /api/student/notifications
2026-04-08 06:08:55 [[32minfo[39m]: GET /api/student/activities
2026-04-08 06:08:55 [[32minfo[39m]: GET /api/student/fees
2026-04-08 06:08:55 [[32minfo[39m]: GET /api/student/profile
2026-04-08 06:08:58 [[32minfo[39m]: GET /api/student/notifications
2026-04-08 06:08:58 [[32minfo[39m]: GET /api/student/notifications
2026-04-08 06:09:00 [[32minfo[39m]: GET /api/student/fees
2026-04-08 06:09:00 [[32minfo[39m]: GET /api/student/fees
2026-04-08 06:09:02 [[32minfo[39m]: GET /api/attendance/me
2026-04-08 06:09:02 [[32minfo[39m]: GET /api/student/notifications
2026-04-08 06:09:02 [[32minfo[39m]: GET /api/student/activities
2026-04-08 06:09:02 [[32minfo[39m]: GET /api/student/profile
2026-04-08 06:09:02 [[32minfo[39m]: GET /api/student/fees
2026-04-08 06:09:02 [[32minfo[39m]: GET /api/student/profile
2026-04-08 06:09:02 [[32minfo[39m]: GET /api/attendance/me
2026-04-08 06:09:02 [[32minfo[39m]: GET /api/student/notifications
2026-04-08 06:09:02 [[32minfo[39m]: GET /api/student/activities
2026-04-08 06:09:02 [[32minfo[39m]: GET /api/student/fees
2026-04-08 06:09:04 [[32minfo[39m]: GET /api/system/branding
2026-04-08 06:09:06 [[32minfo[39m]: GET /api/system/teacher-of-month
2026-04-08 06:09:06 [[32minfo[39m]: GET /api/system/teacher-of-month
2026-04-08 06:09:10 [[32minfo[39m]: GET /api/admissions/window
2026-04-08 06:09:10 [[32minfo[39m]: GET /api/admissions/window
2026-04-08 06:09:14 [[32minfo[39m]: POST /api/auth/login
2026-04-08 06:09:14 [[32minfo[39m]: User logged in: admin.senior@sasms.edu (8947bcc0-5d1b-4710-8a30-ce789913b62a)
2026-04-08 06:09:15 [[32minfo[39m]: GET /api/auth/me
2026-04-08 06:09:15 [[32minfo[39m]: GET /api/auth/me
2026-04-08 06:09:20 [[32minfo[39m]: GET /api/system/branding
2026-04-08 06:09:22 [[32minfo[39m]: POST /api/auth/login
2026-04-08 06:09:22 [[32minfo[39m]: User logged in: 0scar177771@gmail.com (84f39d34-0714-468a-b334-f427e7b858a7)
2026-04-08 06:09:22 [[32minfo[39m]: GET /api/auth/me
2026-04-08 06:09:22 [[32minfo[39m]: GET /api/system/kpis
2026-04-08 06:09:22 [[32minfo[39m]: GET /api/departments
2026-04-08 06:09:22 [[32minfo[39m]: GET /api/auth/me
2026-04-08 06:09:22 [[32minfo[39m]: GET /api/system/kpis
2026-04-08 06:09:22 [[32minfo[39m]: GET /api/departments
2026-04-08 06:09:38 [[32minfo[39m]: GET /api/attendance/sessions
2026-04-08 06:09:38 [[32minfo[39m]: GET /api/attendance/sessions
2026-04-08 06:09:38 [[32minfo[39m]: GET /api/attendance/session/f1a723a4-144e-496e-b522-c3a9093055d4
2026-04-08 06:09:38 [[32minfo[39m]: GET /api/attendance/session/f1a723a4-144e-496e-b522-c3a9093055d4
2026-04-08 06:09:44 [[32minfo[39m]: GET /api/system/audit-logs
2026-04-08 06:09:44 [[32minfo[39m]: GET /api/system/audit-logs
2026-04-08 06:09:48 [[32minfo[39m]: GET /api/system/settings
2026-04-08 06:09:48 [[32minfo[39m]: GET /api/system/settings
2026-04-08 06:12:51 [[32minfo[39m]: GET /api/system/kpis
2026-04-08 06:12:51 [[32minfo[39m]: GET /api/departments
2026-04-08 06:12:51 [[32minfo[39m]: GET /api/system/kpis
2026-04-08 06:12:51 [[32minfo[39m]: GET /api/departments
2026-04-08 06:12:56 [[32minfo[39m]: GET /api/users
2026-04-08 06:12:56 [[32minfo[39m]: GET /api/users
2026-04-08 06:13:02 [[32minfo[39m]: GET /api/admin/students
2026-04-08 06:13:02 [[32minfo[39m]: GET /api/admin/students
2026-04-08 06:13:31 [[32minfo[39m]: GET /api/departments
2026-04-08 06:13:31 [[32minfo[39m]: GET /api/departments
2026-04-08 06:13:32 [[32minfo[39m]: GET /api/departments
2026-04-08 06:13:32 [[32minfo[39m]: GET /api/admissions
2026-04-08 06:13:32 [[32minfo[39m]: GET /api/departments
2026-04-08 06:13:32 [[32minfo[39m]: GET /api/admissions
2026-04-08 06:13:33 [[32minfo[39m]: GET /api/departments
2026-04-08 06:13:33 [[32minfo[39m]: GET /api/finance/categories
2026-04-08 06:13:33 [[32minfo[39m]: GET /api/system/kpis
2026-04-08 06:13:33 [[32minfo[39m]: GET /api/departments
2026-04-08 06:13:33 [[32minfo[39m]: GET /api/finance/fees
2026-04-08 06:13:33 [[32minfo[39m]: GET /api/finance/categories
2026-04-08 06:13:33 [[32minfo[39m]: GET /api/finance/payment-methods
2026-04-08 06:13:33 [[32minfo[39m]: GET /api/system/kpis
2026-04-08 06:13:33 [[32minfo[39m]: GET /api/finance/fees
2026-04-08 06:13:33 [[32minfo[39m]: GET /api/finance/fee-payments
2026-04-08 06:13:34 [[32minfo[39m]: GET /api/finance/payment-methods
2026-04-08 06:14:30 [[32minfo[39m]: GET /api/system/branding
2026-04-08 06:14:30 [[32minfo[39m]: GET /api/system/branding
2026-04-08 06:14:30 [[32minfo[39m]: GET /api/system/teacher-of-month
2026-04-08 06:14:30 [[32minfo[39m]: GET /api/system/teacher-of-month
2026-04-08 06:14:46 [[32minfo[39m]: GET /api/admissions/window
2026-04-08 06:14:46 [[32minfo[39m]: GET /api/admissions/window
2026-04-08 06:14:50 [[32minfo[39m]: POST /api/auth/login
2026-04-08 06:14:50 [[32minfo[39m]: User logged in: 0scar177771@gmail.com (84f39d34-0714-468a-b334-f427e7b858a7)
2026-04-08 06:14:51 [[32minfo[39m]: GET /api/system/kpis
2026-04-08 06:14:51 [[32minfo[39m]: GET /api/auth/me
2026-04-08 06:14:51 [[32minfo[39m]: GET /api/departments
2026-04-08 06:14:52 [[32minfo[39m]: GET /api/system/kpis
2026-04-08 06:14:52 [[32minfo[39m]: GET /api/auth/me
2026-04-08 06:14:52 [[32minfo[39m]: GET /api/departments
2026-04-08 06:14:54 [[32minfo[39m]: GET /api/system/settings
2026-04-08 06:14:54 [[32minfo[39m]: GET /api/system/settings
2026-04-08 06:15:03 [[32minfo[39m]: GET /api/system/teacher-of-month
2026-04-08 06:15:03 [[32minfo[39m]: GET /api/system/teacher-of-month
2026-04-08 06:15:06 [[32minfo[39m]: GET /api/attendance/sessions
2026-04-08 06:15:06 [[32minfo[39m]: GET /api/attendance/sessions
2026-04-08 06:15:06 [[32minfo[39m]: GET /api/attendance/session/f1a723a4-144e-496e-b522-c3a9093055d4
2026-04-08 06:15:06 [[32minfo[39m]: GET /api/attendance/session/f1a723a4-144e-496e-b522-c3a9093055d4
2026-04-08 06:15:10 [[32minfo[39m]: GET /api/system/branding
2026-04-08 06:15:12 [[32minfo[39m]: POST /api/auth/login
2026-04-08 06:15:13 [[32minfo[39m]: User logged in: admin.senior@sasms.edu (8947bcc0-5d1b-4710-8a30-ce789913b62a)
2026-04-08 06:15:13 [[32minfo[39m]: GET /api/auth/me
2026-04-08 06:15:13 [[32minfo[39m]: GET /api/auth/me
2026-04-08 06:15:16 [[32minfo[39m]: GET /api/admissions/window
2026-04-08 06:15:16 [[32minfo[39m]: GET /api/admissions
2026-04-08 06:15:16 [[32minfo[39m]: GET /api/admissions/threshold
2026-04-08 06:15:16 [[32minfo[39m]: GET /api/admissions/threshold
2026-04-08 06:15:16 [[32minfo[39m]: GET /api/admissions/window
2026-04-08 06:15:16 [[32minfo[39m]: GET /api/admissions
2026-04-08 06:15:16 [[32minfo[39m]: GET /api/system/form-fields
2026-04-08 06:15:16 [[32minfo[39m]: GET /api/system/form-fields
2026-04-08 06:15:18 [[32minfo[39m]: GET /api/admissions/leaderboard
2026-04-08 06:15:40 [[32minfo[39m]: PUT /api/admissions/window
2026-04-08 06:15:44 [[32minfo[39m]: GET /api/system/branding
2026-04-08 06:15:45 [[32minfo[39m]: GET /api/admissions/window
2026-04-08 06:15:45 [[32minfo[39m]: GET /api/admissions/window
2026-04-08 06:16:21 [[32minfo[39m]: GET /api/system/teacher-of-month
2026-04-08 06:16:21 [[32minfo[39m]: GET /api/system/teacher-of-month
2026-04-08 06:16:52 [[32minfo[39m]: GET /api/admissions/window
2026-04-08 06:16:52 [[32minfo[39m]: GET /api/admissions/window
2026-04-08 06:16:58 [[32minfo[39m]: POST /api/auth/login
2026-04-08 06:16:58 [[32minfo[39m]: User logged in: admin.senior@sasms.edu (8947bcc0-5d1b-4710-8a30-ce789913b62a)
2026-04-08 06:16:59 [[32minfo[39m]: GET /api/auth/me
2026-04-08 06:16:59 [[32minfo[39m]: GET /api/auth/me
2026-04-08 06:17:04 [[32minfo[39m]: GET /api/system/branding
2026-04-08 06:17:11 [[32minfo[39m]: POST /api/auth/login
2026-04-08 06:17:11 [[32minfo[39m]: User logged in: 0scar177771@gmail.com (84f39d34-0714-468a-b334-f427e7b858a7)
2026-04-08 06:17:11 [[32minfo[39m]: GET /api/auth/me
2026-04-08 06:17:11 [[32minfo[39m]: GET /api/system/kpis
2026-04-08 06:17:11 [[32minfo[39m]: GET /api/auth/me
2026-04-08 06:17:11 [[32minfo[39m]: GET /api/departments
2026-04-08 06:17:11 [[32minfo[39m]: GET /api/system/kpis
2026-04-08 06:17:11 [[32minfo[39m]: GET /api/departments
2026-04-08 06:17:14 [[32minfo[39m]: GET /api/users
2026-04-08 06:17:14 [[32minfo[39m]: GET /api/users
2026-04-08 06:17:15 [[32minfo[39m]: GET /api/admin/students
2026-04-08 06:17:15 [[32minfo[39m]: GET /api/admin/students
2026-04-08 06:17:16 [[32minfo[39m]: GET /api/users
2026-04-08 06:17:16 [[32minfo[39m]: GET /api/users
2026-04-08 06:17:25 [[32minfo[39m]: GET /api/system/branding
2026-04-08 06:17:25 [[32minfo[39m]: GET /api/system/branding
2026-04-08 06:17:28 [[32minfo[39m]: POST /api/auth/login
2026-04-08 06:17:28 [[33mwarn[39m]: Login blocked: Account suspended/inactive for applicant.dina@gmail.com
2026-04-08 06:17:28 [[31merror[39m]: Error: Account suspended or inactive. Please contact support.
    at Function.login (D:\SASMS-Fixed-v13\sasms-fixed\backend\src\services\authService.ts:58:19)
    at async login (D:\SASMS-Fixed-v13\sasms-fixed\backend\src\controllers\auth.ts:15:24)
2026-04-08 06:17:30 [[32minfo[39m]: POST /api/auth/login
2026-04-08 06:17:30 [[33mwarn[39m]: Login blocked: Account suspended/inactive for applicant.dina@gmail.com
2026-04-08 06:17:30 [[31merror[39m]: Error: Account suspended or inactive. Please contact support.
    at Function.login (D:\SASMS-Fixed-v13\sasms-fixed\backend\src\services\authService.ts:58:19)
    at async login (D:\SASMS-Fixed-v13\sasms-fixed\backend\src\controllers\auth.ts:15:24)
2026-04-08 06:17:40 [[32minfo[39m]: POST /api/auth/login
2026-04-08 06:17:40 [[32minfo[39m]: User logged in: 0scar177771@gmail.com (84f39d34-0714-468a-b334-f427e7b858a7)
2026-04-08 06:17:40 [[32minfo[39m]: GET /api/auth/me
2026-04-08 06:17:40 [[32minfo[39m]: GET /api/system/kpis
2026-04-08 06:17:40 [[32minfo[39m]: GET /api/departments
2026-04-08 06:17:40 [[32minfo[39m]: GET /api/auth/me
2026-04-08 06:17:40 [[32minfo[39m]: GET /api/system/kpis
2026-04-08 06:17:40 [[32minfo[39m]: GET /api/departments
2026-04-08 06:17:42 [[32minfo[39m]: GET /api/users
2026-04-08 06:17:42 [[32minfo[39m]: GET /api/users
2026-04-08 06:18:08 [[32minfo[39m]: GET /api/system/branding
2026-04-08 06:18:10 [[32minfo[39m]: POST /api/auth/login
2026-04-08 06:18:10 [[32minfo[39m]: User logged in: admin.junior@sasms.edu (ee4b713e-08c3-4b5b-b3e6-d901f8f7fb97)
2026-04-08 06:18:11 [[32minfo[39m]: GET /api/auth/me
2026-04-08 06:18:11 [[32minfo[39m]: GET /api/auth/me
2026-04-08 06:18:17 [[32minfo[39m]: GET /api/system/branding
2026-04-08 06:18:17 [[32minfo[39m]: POST /api/auth/login
2026-04-08 06:18:17 [[32minfo[39m]: User logged in: 0scar177771@gmail.com (84f39d34-0714-468a-b334-f427e7b858a7)
2026-04-08 06:18:18 [[32minfo[39m]: GET /api/auth/me
2026-04-08 06:18:18 [[32minfo[39m]: GET /api/system/kpis
2026-04-08 06:18:18 [[32minfo[39m]: GET /api/departments
2026-04-08 06:18:18 [[32minfo[39m]: GET /api/auth/me
2026-04-08 06:18:18 [[32minfo[39m]: GET /api/system/kpis
2026-04-08 06:18:18 [[32minfo[39m]: GET /api/departments
2026-04-08 06:18:19 [[32minfo[39m]: GET /api/users
2026-04-08 06:18:19 [[32minfo[39m]: GET /api/users
2026-04-08 06:18:25 [[32minfo[39m]: PATCH /api/users/180b82a1-461a-439a-ad3d-5ec4d6ac9682/status
2026-04-08 06:18:25 [[32minfo[39m]: Audit logged: USER_STATUS_CHANGE by 84f39d34-0714-468a-b334-f427e7b858a7
2026-04-08 06:18:33 [[32minfo[39m]: GET /api/system/branding
2026-04-08 06:18:35 [[32minfo[39m]: POST /api/auth/login
2026-04-08 06:18:36 [[32minfo[39m]: User logged in: applicant.dina@gmail.com (180b82a1-461a-439a-ad3d-5ec4d6ac9682)
2026-04-08 06:18:36 [[32minfo[39m]: GET /api/auth/me
2026-04-08 06:18:36 [[32minfo[39m]: GET /api/departments
2026-04-08 06:18:37 [[32minfo[39m]: GET /api/admissions/me
2026-04-08 06:18:37 [[32minfo[39m]: GET /api/auth/me
2026-04-08 06:18:37 [[32minfo[39m]: GET /api/departments
2026-04-08 06:18:37 [[32minfo[39m]: GET /api/admissions/me
2026-04-08 06:18:37 [[32minfo[39m]: GET /api/system/form-fields
2026-04-08 06:18:37 [[32minfo[39m]: GET /api/system/form-fields
2026-04-08 06:18:47 [[32minfo[39m]: GET /api/system/branding
2026-04-08 06:18:49 [[32minfo[39m]: GET /api/system/teacher-of-month
2026-04-08 06:18:49 [[32minfo[39m]: GET /api/system/teacher-of-month
2026-04-08 06:21:25 [[32minfo[39m]: GET /api/admissions/window
2026-04-08 06:21:25 [[32minfo[39m]: GET /api/admissions/window
2026-04-08 06:21:32 [[32minfo[39m]: GET /api/system/teacher-of-month
2026-04-08 06:21:32 [[32minfo[39m]: GET /api/system/teacher-of-month
2026-04-08 06:21:53 [[32minfo[39m]: GET /api/admissions/window
2026-04-08 06:21:53 [[32minfo[39m]: GET /api/admissions/window
2026-04-08 06:21:57 [[32minfo[39m]: POST /api/auth/login
2026-04-08 06:21:57 [[32minfo[39m]: User logged in: 0scar177771@gmail.com (84f39d34-0714-468a-b334-f427e7b858a7)
2026-04-08 06:21:57 [[32minfo[39m]: GET /api/auth/me
2026-04-08 06:21:57 [[32minfo[39m]: GET /api/auth/me
2026-04-08 06:21:57 [[32minfo[39m]: GET /api/system/kpis
2026-04-08 06:21:57 [[32minfo[39m]: GET /api/departments
2026-04-08 06:21:57 [[32minfo[39m]: GET /api/system/kpis
2026-04-08 06:21:57 [[32minfo[39m]: GET /api/departments
2026-04-08 06:21:59 [[32minfo[39m]: GET /api/support/tickets
2026-04-08 06:21:59 [[32minfo[39m]: GET /api/support/complaints
2026-04-08 06:21:59 [[32minfo[39m]: GET /api/support/tickets
2026-04-08 06:21:59 [[32minfo[39m]: GET /api/support/complaints
2026-04-08 06:22:05 [[32minfo[39m]: POST /api/support/complaints/3ab2f2c4-1176-4002-962a-5584847f6bb1/respond
2026-04-08 06:22:09 [[32minfo[39m]: GET /api/support/tickets
2026-04-08 06:22:09 [[32minfo[39m]: GET /api/support/complaints
2026-04-08 06:22:12 [[32minfo[39m]: GET /api/system/branding
2026-04-08 06:22:14 [[32minfo[39m]: GET /api/system/teacher-of-month
2026-04-08 06:22:14 [[32minfo[39m]: GET /api/system/teacher-of-month
2026-04-08 08:46:29 [[32minfo[39m]: GET /api/system/branding
2026-04-08 08:46:31 [[32minfo[39m]: GET /api/system/branding
2026-04-08 08:46:31 [[32minfo[39m]: GET /api/system/branding
2026-04-08 08:46:32 [[32minfo[39m]: GET /api/system/branding
2026-04-08 08:46:32 [[32minfo[39m]: GET /api/system/branding
2026-04-08 08:46:33 [[32minfo[39m]: GET /api/system/branding
2026-04-08 08:46:33 [[32minfo[39m]: GET /api/system/branding
2026-04-08 08:46:33 [[32minfo[39m]: GET /api/system/branding
2026-04-08 08:46:33 [[32minfo[39m]: GET /api/system/branding
2026-04-08 08:46:33 [[32minfo[39m]: GET /api/system/teacher-of-month
2026-04-08 08:46:33 [[32minfo[39m]: GET /api/system/teacher-of-month
2026-04-08 08:46:35 [[32minfo[39m]: GET /api/system/branding
2026-04-08 08:46:35 [[32minfo[39m]: GET /api/system/branding
2026-04-08 08:46:37 [[32minfo[39m]: GET /api/system/branding
2026-04-08 08:46:37 [[32minfo[39m]: GET /api/system/branding
2026-04-08 08:46:38 [[32minfo[39m]: GET /api/system/branding
2026-04-08 08:46:38 [[32minfo[39m]: GET /api/system/branding
2026-04-08 08:46:38 [[32minfo[39m]: GET /api/system/branding
2026-04-08 08:46:38 [[32minfo[39m]: GET /api/system/branding
2026-04-08 08:46:39 [[32minfo[39m]: GET /api/system/branding
2026-04-08 08:46:39 [[32minfo[39m]: GET /api/system/branding
2026-04-08 08:46:39 [[32minfo[39m]: GET /api/system/branding
2026-04-08 08:46:41 [[32minfo[39m]: GET /api/system/branding
2026-04-08 08:46:41 [[32minfo[39m]: GET /api/system/branding
2026-04-08 08:46:41 [[32minfo[39m]: GET /api/system/branding
2026-04-08 08:46:41 [[32minfo[39m]: GET /api/system/branding
2026-04-08 08:46:42 [[32minfo[39m]: GET /api/system/branding
2026-04-08 08:46:42 [[32minfo[39m]: GET /api/system/branding
2026-04-08 08:46:43 [[32minfo[39m]: GET /api/system/branding
2026-04-08 08:46:43 [[32minfo[39m]: GET /api/system/branding
2026-04-08 08:46:43 [[32minfo[39m]: GET /api/system/branding
2026-04-08 08:46:43 [[32minfo[39m]: GET /api/system/branding
2026-04-08 08:46:44 [[32minfo[39m]: GET /api/system/branding
2026-04-08 08:46:44 [[32minfo[39m]: GET /api/system/branding
2026-04-08 08:46:44 [[32minfo[39m]: GET /api/system/branding
2026-04-08 08:46:45 [[32minfo[39m]: GET /api/system/branding
2026-04-08 08:46:45 [[32minfo[39m]: GET /api/system/branding
2026-04-08 08:46:45 [[32minfo[39m]: GET /api/system/branding
2026-04-08 08:46:46 [[32minfo[39m]: GET /api/system/branding
2026-04-08 08:46:46 [[32minfo[39m]: GET /api/system/branding
2026-04-08 08:46:46 [[32minfo[39m]: GET /api/system/branding
2026-04-08 08:46:46 [[32minfo[39m]: GET /api/system/branding
2026-04-08 08:46:47 [[32minfo[39m]: GET /api/system/branding
2026-04-08 08:46:47 [[32minfo[39m]: GET /api/system/branding
2026-04-08 08:46:47 [[32minfo[39m]: GET /api/system/branding
2026-04-08 08:46:47 [[32minfo[39m]: GET /api/system/branding
2026-04-08 08:46:48 [[32minfo[39m]: GET /api/system/branding
2026-04-08 08:46:48 [[32minfo[39m]: GET /api/system/branding
2026-04-08 08:46:49 [[32minfo[39m]: GET /api/system/branding
2026-04-08 08:46:49 [[32minfo[39m]: GET /api/system/branding
2026-04-08 08:46:50 [[32minfo[39m]: GET /api/system/branding
2026-04-08 08:46:50 [[32minfo[39m]: GET /api/system/branding
2026-04-08 08:47:36 [[32minfo[39m]: GET /api/system/branding
2026-04-08 08:47:38 [[32minfo[39m]: GET /api/system/branding
2026-04-08 08:47:38 [[32minfo[39m]: GET /api/system/branding
2026-04-08 08:47:39 [[32minfo[39m]: GET /api/system/branding
2026-04-08 08:50:28 [[32minfo[39m]: GET /api/system/branding
2026-04-08 08:50:28 [[32minfo[39m]: GET /api/system/branding
2026-04-08 08:50:28 [[32minfo[39m]: GET /api/system/teacher-of-month
2026-04-08 08:50:28 [[32minfo[39m]: GET /api/system/teacher-of-month
2026-04-08 08:50:54 [[32minfo[39m]: GET /api/system/branding
2026-04-08 08:50:54 [[32minfo[39m]: GET /api/system/branding
2026-04-08 08:50:54 [[32minfo[39m]: GET /api/system/teacher-of-month
2026-04-08 08:50:54 [[32minfo[39m]: GET /api/system/teacher-of-month
2026-04-08 08:51:15 [[32minfo[39m]: GET /api/system/branding
2026-04-08 08:51:15 [[32minfo[39m]: GET /api/system/teacher-of-month
2026-04-08 08:51:19 [[32minfo[39m]: GET /api/system/branding
2026-04-08 08:51:19 [[32minfo[39m]: GET /api/system/branding
2026-04-08 08:51:19 [[32minfo[39m]: GET /api/system/teacher-of-month
2026-04-08 08:51:19 [[32minfo[39m]: GET /api/system/teacher-of-month
2026-04-08 08:51:22 [[32minfo[39m]: GET /api/system/branding
2026-04-08 08:51:22 [[32minfo[39m]: GET /api/system/teacher-of-month
2026-04-08 08:51:26 [[32minfo[39m]: GET /api/system/branding
2026-04-08 08:51:26 [[32minfo[39m]: GET /api/system/branding
2026-04-08 08:51:26 [[32minfo[39m]: GET /api/system/teacher-of-month
2026-04-08 08:51:26 [[32minfo[39m]: GET /api/system/teacher-of-month
2026-04-08 08:56:31 [[32minfo[39m]: GET /api/system/branding
2026-04-08 08:56:31 [[32minfo[39m]: GET /api/system/teacher-of-month
2026-04-08 08:56:47 [[32minfo[39m]: GET /api/admissions/window
2026-04-08 08:56:47 [[32minfo[39m]: GET /api/admissions/window
2026-04-08 08:57:08 [[32minfo[39m]: POST /api/auth/login
2026-04-08 08:57:09 [[32minfo[39m]: User logged in: 0scar177771@gmail.com (84f39d34-0714-468a-b334-f427e7b858a7)
2026-04-08 08:57:31 [[32minfo[39m]: GET /api/system/kpis
2026-04-08 08:57:32 [[32minfo[39m]: GET /api/departments
2026-04-08 08:57:32 [[32minfo[39m]: GET /api/auth/me
2026-04-08 08:57:32 [[32minfo[39m]: GET /api/departments
2026-04-08 08:57:32 [[32minfo[39m]: GET /api/system/kpis
2026-04-08 08:57:32 [[32minfo[39m]: GET /api/auth/me
2026-04-08 08:57:50 [[32minfo[39m]: GET /api/users
2026-04-08 08:57:50 [[32minfo[39m]: GET /api/users
2026-04-08 08:58:43 [[32minfo[39m]: GET /api/admin/students
2026-04-08 08:58:43 [[32minfo[39m]: GET /api/admin/students
2026-04-08 08:58:53 [[32minfo[39m]: GET /api/departments
2026-04-08 08:58:53 [[32minfo[39m]: GET /api/departments
2026-04-08 08:59:03 [[32minfo[39m]: GET /api/departments
2026-04-08 08:59:03 [[32minfo[39m]: GET /api/admissions
2026-04-08 08:59:04 [[32minfo[39m]: GET /api/departments
2026-04-08 08:59:04 [[32minfo[39m]: GET /api/admissions
2026-04-08 08:59:11 [[32minfo[39m]: GET /api/finance/categories
2026-04-08 08:59:11 [[32minfo[39m]: GET /api/system/kpis
2026-04-08 08:59:11 [[32minfo[39m]: GET /api/departments
2026-04-08 08:59:11 [[32minfo[39m]: GET /api/finance/fees
2026-04-08 08:59:11 [[32minfo[39m]: GET /api/finance/categories
2026-04-08 08:59:11 [[32minfo[39m]: GET /api/finance/fee-payments
2026-04-08 08:59:11 [[32minfo[39m]: GET /api/system/kpis
2026-04-08 08:59:11 [[32minfo[39m]: GET /api/departments
2026-04-08 08:59:11 [[32minfo[39m]: GET /api/finance/payment-methods
2026-04-08 08:59:11 [[32minfo[39m]: GET /api/finance/fees
2026-04-08 08:59:11 [[32minfo[39m]: GET /api/finance/fee-payments
2026-04-08 08:59:11 [[32minfo[39m]: GET /api/finance/payment-methods
2026-04-08 08:59:19 [[32minfo[39m]: GET /api/system/teacher-of-month
2026-04-08 08:59:19 [[32minfo[39m]: GET /api/system/teacher-of-month
2026-04-08 08:59:29 [[32minfo[39m]: GET /api/support/tickets
2026-04-08 08:59:29 [[32minfo[39m]: GET /api/support/complaints
2026-04-08 08:59:29 [[32minfo[39m]: GET /api/support/tickets
2026-04-08 08:59:29 [[32minfo[39m]: GET /api/support/complaints
2026-04-08 08:59:37 [[32minfo[39m]: GET /api/support/tickets
2026-04-08 08:59:37 [[32minfo[39m]: GET /api/support/complaints
2026-04-08 08:59:44 [[32minfo[39m]: GET /api/attendance/sessions
2026-04-08 08:59:44 [[32minfo[39m]: GET /api/attendance/sessions
2026-04-08 08:59:44 [[32minfo[39m]: GET /api/attendance/session/f1a723a4-144e-496e-b522-c3a9093055d4
2026-04-08 08:59:44 [[32minfo[39m]: GET /api/attendance/session/f1a723a4-144e-496e-b522-c3a9093055d4
2026-04-08 08:59:47 [[32minfo[39m]: GET /api/support/tickets
2026-04-08 08:59:47 [[32minfo[39m]: GET /api/support/complaints
2026-04-08 08:59:47 [[32minfo[39m]: GET /api/support/tickets
2026-04-08 08:59:47 [[32minfo[39m]: GET /api/support/complaints
2026-04-08 08:59:53 [[32minfo[39m]: POST /api/support/complaints/3ab2f2c4-1176-4002-962a-5584847f6bb1/respond
2026-04-08 08:59:55 [[32minfo[39m]: GET /api/attendance/sessions
2026-04-08 08:59:55 [[32minfo[39m]: GET /api/attendance/sessions
2026-04-08 08:59:55 [[32minfo[39m]: GET /api/attendance/session/f1a723a4-144e-496e-b522-c3a9093055d4
2026-04-08 08:59:55 [[32minfo[39m]: GET /api/attendance/session/f1a723a4-144e-496e-b522-c3a9093055d4
2026-04-08 09:00:03 [[32minfo[39m]: GET /api/attendance/sessions
2026-04-08 09:00:03 [[32minfo[39m]: GET /api/attendance/sessions
2026-04-08 09:00:06 [[32minfo[39m]: GET /api/attendance/session/f1a723a4-144e-496e-b522-c3a9093055d4
2026-04-08 09:00:09 [[32minfo[39m]: GET /api/attendance/session/f1a723a4-144e-496e-b522-c3a9093055d4/qr
2026-04-08 09:00:22 [[32minfo[39m]: GET /api/system/audit-logs
2026-04-08 09:00:22 [[32minfo[39m]: GET /api/system/audit-logs
2026-04-08 09:00:29 [[32minfo[39m]: GET /api/system/settings
2026-04-08 09:00:29 [[32minfo[39m]: GET /api/system/settings
2026-04-08 09:00:36 [[32minfo[39m]: GET /api/system/kpis
2026-04-08 09:00:36 [[32minfo[39m]: GET /api/system/kpis
2026-04-08 09:00:36 [[32minfo[39m]: GET /api/departments
2026-04-08 09:00:36 [[32minfo[39m]: GET /api/departments
2026-04-08 09:00:41 [[32minfo[39m]: GET /api/users
2026-04-08 09:00:41 [[32minfo[39m]: GET /api/users
2026-04-08 09:00:43 [[32minfo[39m]: GET /api/support/tickets
2026-04-08 09:00:43 [[32minfo[39m]: GET /api/support/complaints
2026-04-08 09:00:43 [[32minfo[39m]: GET /api/support/tickets
2026-04-08 09:00:43 [[32minfo[39m]: GET /api/support/complaints
2026-04-08 09:00:51 [[32minfo[39m]: GET /api/support/tickets
2026-04-08 09:00:51 [[32minfo[39m]: GET /api/support/complaints
2026-04-08 09:00:59 [[32minfo[39m]: GET /api/support/tickets
2026-04-08 09:00:59 [[32minfo[39m]: GET /api/support/complaints
2026-04-08 09:20:24 [[32minfo[39m]: GET /api/system/branding
2026-04-08 09:20:24 [[32minfo[39m]: GET /api/system/branding
2026-04-08 09:20:24 [[32minfo[39m]: GET /api/system/teacher-of-month
2026-04-08 09:20:24 [[32minfo[39m]: GET /api/system/teacher-of-month
2026-04-08 09:20:46 [[32minfo[39m]: GET /api/system/kpis
2026-04-08 09:20:47 [[32minfo[39m]: GET /api/auth/me
2026-04-08 09:20:47 [[32minfo[39m]: GET /api/system/kpis
2026-04-08 09:20:47 [[32minfo[39m]: GET /api/departments
2026-04-08 09:20:47 [[32minfo[39m]: GET /api/auth/me
2026-04-08 09:20:47 [[32minfo[39m]: GET /api/departments
2026-04-08 09:21:01 [[32minfo[39m]: GET /api/users
2026-04-08 09:21:01 [[32minfo[39m]: GET /api/users
2026-04-08 09:21:06 [[32minfo[39m]: GET /api/system/kpis
2026-04-08 09:21:06 [[32minfo[39m]: GET /api/departments
2026-04-08 09:21:06 [[32minfo[39m]: GET /api/system/kpis
2026-04-08 09:21:06 [[32minfo[39m]: GET /api/departments
2026-04-08 09:21:08 [[32minfo[39m]: GET /api/users
2026-04-08 09:21:08 [[32minfo[39m]: GET /api/users
2026-04-08 09:21:15 [[32minfo[39m]: GET /api/admin/students
2026-04-08 09:21:15 [[32minfo[39m]: GET /api/admin/students
2026-04-08 09:21:25 [[32minfo[39m]: GET /api/departments
2026-04-08 09:21:25 [[32minfo[39m]: GET /api/departments
2026-04-08 09:21:33 [[32minfo[39m]: GET /api/system/branding
2026-04-08 09:21:43 [[32minfo[39m]: POST /api/auth/login
2026-04-08 09:21:44 [[32minfo[39m]: User logged in: admin.senior@sasms.edu (8947bcc0-5d1b-4710-8a30-ce789913b62a)
2026-04-08 09:21:50 [[32minfo[39m]: GET /api/auth/me
2026-04-08 09:21:50 [[32minfo[39m]: GET /api/auth/me
2026-04-08 09:22:04 [[32minfo[39m]: GET /api/admissions/threshold
2026-04-08 09:22:04 [[32minfo[39m]: GET /api/admissions/window
2026-04-08 09:22:04 [[32minfo[39m]: GET /api/admissions
2026-04-08 09:22:05 [[32minfo[39m]: GET /api/admissions
2026-04-08 09:22:05 [[32minfo[39m]: GET /api/admissions/threshold
2026-04-08 09:22:05 [[32minfo[39m]: GET /api/admissions/window
2026-04-08 09:22:05 [[32minfo[39m]: GET /api/system/form-fields
2026-04-08 09:22:05 [[32minfo[39m]: GET /api/system/form-fields
2026-04-08 09:22:18 [[32minfo[39m]: GET /api/attendance/sessions
2026-04-08 09:22:18 [[32minfo[39m]: GET /api/attendance/sessions
2026-04-08 09:22:29 [[32minfo[39m]: GET /api/attendance/session/f1a723a4-144e-496e-b522-c3a9093055d4
2026-04-08 09:22:34 [[32minfo[39m]: GET /api/attendance/session/f1a723a4-144e-496e-b522-c3a9093055d4/qr
2026-04-08 09:22:47 [[32minfo[39m]: GET /api/attendance/sessions
2026-04-08 09:22:47 [[32minfo[39m]: GET /api/attendance/sessions
2026-04-08 09:22:47 [[32minfo[39m]: GET /api/attendance/session/f1a723a4-144e-496e-b522-c3a9093055d4
2026-04-08 09:22:48 [[32minfo[39m]: GET /api/attendance/session/f1a723a4-144e-496e-b522-c3a9093055d4
2026-04-08 09:22:52 [[32minfo[39m]: GET /api/admin/students
2026-04-08 09:22:52 [[32minfo[39m]: GET /api/admin/students
2026-04-08 09:22:59 [[32minfo[39m]: GET /api/admissions
2026-04-08 09:22:59 [[32minfo[39m]: GET /api/admissions/window
2026-04-08 09:22:59 [[32minfo[39m]: GET /api/admissions/threshold
2026-04-08 09:22:59 [[32minfo[39m]: GET /api/admissions
2026-04-08 09:22:59 [[32minfo[39m]: GET /api/admissions/window
2026-04-08 09:22:59 [[32minfo[39m]: GET /api/admissions/threshold
2026-04-08 09:22:59 [[32minfo[39m]: GET /api/system/form-fields
2026-04-08 09:22:59 [[32minfo[39m]: GET /api/system/form-fields
2026-04-08 09:23:15 [[32minfo[39m]: GET /api/system/branding
2026-04-08 09:23:17 [[32minfo[39m]: POST /api/auth/login
2026-04-08 09:23:17 [[32minfo[39m]: User logged in: applicant.dina@gmail.com (180b82a1-461a-439a-ad3d-5ec4d6ac9682)
2026-04-08 09:23:23 [[32minfo[39m]: GET /api/auth/me
2026-04-08 09:23:24 [[32minfo[39m]: GET /api/departments
2026-04-08 09:23:24 [[32minfo[39m]: GET /api/auth/me
2026-04-08 09:23:24 [[32minfo[39m]: GET /api/system/form-fields
2026-04-08 09:23:24 [[32minfo[39m]: GET /api/departments
2026-04-08 09:23:24 [[32minfo[39m]: GET /api/system/form-fields
2026-04-08 09:23:24 [[32minfo[39m]: GET /api/admissions/me
2026-04-08 09:23:24 [[32minfo[39m]: GET /api/admissions/me
2026-04-08 09:23:35 [[32minfo[39m]: GET /api/system/branding
2026-04-08 09:23:40 [[32minfo[39m]: POST /api/auth/login
2026-04-08 09:23:41 [[32minfo[39m]: User logged in: 0scar177771@gmail.com (84f39d34-0714-468a-b334-f427e7b858a7)
2026-04-08 09:23:42 [[32minfo[39m]: GET /api/auth/me
2026-04-08 09:23:42 [[32minfo[39m]: GET /api/auth/me
2026-04-08 09:23:42 [[32minfo[39m]: GET /api/departments
2026-04-08 09:23:42 [[32minfo[39m]: GET /api/system/kpis
2026-04-08 09:23:42 [[32minfo[39m]: GET /api/departments
2026-04-08 09:23:42 [[32minfo[39m]: GET /api/system/kpis
2026-04-08 09:23:46 [[32minfo[39m]: GET /api/users
2026-04-08 09:23:46 [[32minfo[39m]: GET /api/users
2026-04-08 09:23:58 [[32minfo[39m]: GET /api/system/branding
2026-04-08 09:23:58 [[32minfo[39m]: GET /api/system/branding
2026-04-08 09:23:59 [[32minfo[39m]: POST /api/auth/login
2026-04-08 09:24:00 [[32minfo[39m]: User logged in: student.youssef@sasms.edu (045b99ec-3518-4e6c-adde-f410d8493feb)
2026-04-08 09:24:06 [[32minfo[39m]: GET /api/auth/me
2026-04-08 09:24:06 [[32minfo[39m]: GET /api/auth/me
2026-04-08 09:24:06 [[32minfo[39m]: GET /api/attendance/me
2026-04-08 09:24:06 [[32minfo[39m]: GET /api/attendance/me
2026-04-08 09:24:06 [[32minfo[39m]: GET /api/student/notifications
2026-04-08 09:24:06 [[32minfo[39m]: GET /api/student/fees
2026-04-08 09:24:06 [[32minfo[39m]: GET /api/student/activities
2026-04-08 09:24:06 [[32minfo[39m]: GET /api/student/profile
2026-04-08 09:24:07 [[32minfo[39m]: GET /api/student/notifications
2026-04-08 09:24:07 [[32minfo[39m]: GET /api/student/fees
2026-04-08 09:24:07 [[32minfo[39m]: GET /api/student/activities
2026-04-08 09:24:07 [[32minfo[39m]: GET /api/student/profile
2026-04-08 09:24:18 [[32minfo[39m]: GET /api/student/admissions
2026-04-08 09:24:18 [[32minfo[39m]: GET /api/student/admissions
2026-04-08 09:24:22 [[32minfo[39m]: GET /api/student/fees
2026-04-08 09:24:22 [[32minfo[39m]: GET /api/student/fees
2026-04-08 09:24:26 [[32minfo[39m]: GET /api/attendance/me
2026-04-08 09:24:26 [[32minfo[39m]: GET /api/attendance/me
2026-04-08 09:24:58 [[32minfo[39m]: POST /api/attendance/scan
2026-04-08 09:24:58 [[31merror[39m]: Error: Session not found
    at Function.validateScan (D:\Deploy Ezzat\SASMS-backend\src\services\attendanceService.ts:29:29)
    at process.processTicksAndRejections (node:internal/process/task_queues:95:5)
    at async validateScan (D:\Deploy Ezzat\SASMS-backend\src\controllers\attendance.ts:19:24)
2026-04-08 09:25:28 [[32minfo[39m]: POST /api/attendance/scan
2026-04-08 09:25:31 [[32minfo[39m]: GET /api/attendance/me
2026-04-08 09:25:31 [[32minfo[39m]: GET /api/attendance/me
2026-04-08 09:25:38 [[32minfo[39m]: GET /api/system/branding
2026-04-08 09:25:45 [[32minfo[39m]: POST /api/auth/login
2026-04-08 09:25:45 [[32minfo[39m]: User logged in: admin.senior@sasms.edu (8947bcc0-5d1b-4710-8a30-ce789913b62a)
2026-04-08 09:25:46 [[32minfo[39m]: GET /api/auth/me
2026-04-08 09:25:46 [[32minfo[39m]: GET /api/auth/me
2026-04-08 09:25:52 [[32minfo[39m]: GET /api/admissions
2026-04-08 09:25:52 [[32minfo[39m]: GET /api/admissions/window
2026-04-08 09:25:53 [[32minfo[39m]: GET /api/admissions/threshold
2026-04-08 09:25:53 [[32minfo[39m]: GET /api/admissions
2026-04-08 09:25:53 [[32minfo[39m]: GET /api/admissions/window
2026-04-08 09:25:53 [[32minfo[39m]: GET /api/admissions/threshold
2026-04-08 09:25:53 [[32minfo[39m]: GET /api/system/form-fields
2026-04-08 09:25:53 [[32minfo[39m]: GET /api/system/form-fields
2026-04-08 09:25:55 [[32minfo[39m]: GET /api/attendance/sessions
2026-04-08 09:25:55 [[32minfo[39m]: GET /api/attendance/sessions
2026-04-08 09:25:57 [[32minfo[39m]: GET /api/attendance/session/f1a723a4-144e-496e-b522-c3a9093055d4
